MIG: 17:13:41 : xml_input_file: mig_a.prj
MIG: 17:13:41 : Absolute path of xml_input_file: d:/Documentos/Documentos/CIDIC/vivado/picorv32_vivado/picorv32_vivado.srcs/sources_1/ip/ddr_axi/mig_a.prj
MIG: 17:13:41 : xml_input_file: mig_a.prj
MIG: 17:13:41 : Absolute path of xml_input_file: d:/Documentos/Documentos/CIDIC/vivado/picorv32_vivado/picorv32_vivado.srcs/sources_1/ip/ddr_axi/mig_a.prj
MIG: 17:13:41 : In updateAllModelParams
MIG: 17:13:41 : ################# RUNNING MIG BATCH ###################
MIG: 17:13:41 : Writing IN file for 'ddr_axi'...compDirPath: c:/Xilinx/Vivado/2015.4/data/ip/xilinx/mig_7series_v2_4... instDirPath: d:/Documentos/Documentos/CIDIC/vivado/picorv32_vivado/picorv32_vivado.srcs/sources_1/ip/ddr_axi
MIG: 17:13:41 : synp_flow:  -- synthesis_mode: Other
MIG: 17:13:41 : outputDirectory: d:/Documentos/Documentos/CIDIC/vivado/picorv32_vivado/picorv32_vivado.srcs/sources_1/ip/ddr_axi/_tmp/
MIG: 17:13:41 : vivado_mode: xpg_pa
MIG: 17:13:41 :  locked false  
MIG: 17:13:41 : HDL Language: Verilog
MIG: 17:13:41 : compInfo: true
MIG: 17:13:41 : Vivado Options xc7a100t csg324 -1
MIG: 17:13:41 : 1: xc7a100t 2: csg324 3: -1
MIG: 17:13:41 : relative mig path: coregen/ip/xilinx/other/com/xilinx/ip/mig_7series_v2_4/bin/nt64/mig.exe
MIG: 17:13:41 : xilinx_path: C:/Xilinx/Vivado/2015.4/ids_lite/ISE
MIG: 17:13:41 : I am in catch area
MIG: 17:13:41 : Running C:/Xilinx/Vivado/2015.4/ids_lite/ISE/coregen/ip/xilinx/other/com/xilinx/ip/mig_7series_v2_4/bin/nt64/mig.exe -cg_exc_inp d:/Documentos/Documentos/CIDIC/vivado/picorv32_vivado/picorv32_vivado.srcs/sources_1/ip/ddr_axi/xil_txt.in -cg_exc_out d:/Documentos/Documentos/CIDIC/vivado/picorv32_vivado/picorv32_vivado.srcs/sources_1/ip/ddr_axi/xil_txt.out ... 
MIG: 17:14:09 : XML_INPUT_FILE: d:/Documentos/Documentos/CIDIC/vivado/picorv32_vivado/picorv32_vivado.srcs/sources_1/ip/ddr_axi/mig_a.prj
MIG: 17:14:09 : Component_Name: ddr_axi
MIG: 17:14:09 : Moving ddr_axi ...
MIG: 17:14:09 : Moving ddr_axi.veo ...
MIG: 17:14:09 : Moving ddr_axi_xmdf.tcl ...
MIG: 17:14:09 : XGUI hdlLanguage: Verilog
MIG: 17:14:09 : xgui vivado_mode: xpg_pa
MIG: 17:14:09 : xgui hdlLanguage: Verilog -- hdlExt: v
MIG: 17:14:09 : Reading D:/Documentos/Documentos/CIDIC/vivado/picorv32_vivado/picorv32_vivado.srcs/sources_1/ip/ddr_axi/ddr_axi/user_design/rtl/ddr_axi_mig.v ...
MIG: 17:14:10 : 
MIG: 17:14:10 : Inside fn mem: DDR2
MIG: 17:14:10 : QDRII+ Inside fn ui: 150000000
MIG: 17:14:10 : cntrl:  memtype: DDR2
MIG: 17:14:10 : 
MIG: 17:14:10 :  MMCM_VCO single ctrl param_name: MMCM_VCO --  possibleMaxVcoVal: 1200 
MIG: 17:14:10 : 
MIG: 17:14:10 : 
MIG: 17:14:10 : 
MIG: 17:14:10 : 
MIG: 17:14:10 :  polarity_value: 1
MIG: 17:14:10 : 
MIG: 17:14:10 : 
MIG: 17:14:10 : cntrl:  memtype: DDR2
MIG: 17:14:10 :  Invalid Param: DDR2_RST_ACT_LOW ==> 1
MIG: 17:14:10 : 
MIG: 17:14:10 :  Valid Param: DDR2_BANK_WIDTH ==> 3
MIG: 17:14:10 : 
MIG: 17:14:10 :  Valid Param: DDR2_CK_WIDTH ==> 1
MIG: 17:14:10 :  Invalid Param: DDR2_COL_WIDTH ==> 10
MIG: 17:14:10 : 
MIG: 17:14:10 :  Valid Param: DDR2_CS_WIDTH ==> 1
MIG: 17:14:10 : 
MIG: 17:14:10 :  Valid Param: DDR2_nCS_PER_RANK ==> 1
MIG: 17:14:10 : 
MIG: 17:14:10 :  Valid Param: DDR2_CKE_WIDTH ==> 1
MIG: 17:14:10 :  Invalid Param: DDR2_DATA_BUF_ADDR_WIDTH ==> 4
MIG: 17:14:10 :  Invalid Param: DDR2_DQ_CNT_WIDTH ==> 4
MIG: 17:14:10 :  Invalid Param: DDR2_DQ_PER_DM ==> 8
MIG: 17:14:10 : 
MIG: 17:14:10 :  Valid Param: DDR2_DM_WIDTH ==> 2
MIG: 17:14:10 : 
MIG: 17:14:10 :  Valid Param: DDR2_DQ_WIDTH ==> 16
MIG: 17:14:10 : 
MIG: 17:14:10 :  Valid Param: DDR2_DQS_WIDTH ==> 2
MIG: 17:14:10 : 
MIG: 17:14:10 :  Valid Param: DDR2_DQS_CNT_WIDTH ==> 1
MIG: 17:14:10 :  Invalid Param: DDR2_DRAM_WIDTH ==> 8
MIG: 17:14:10 : 
MIG: 17:14:10 :  Valid Param: ECC ==> OFF
MIG: 17:14:10 : 
MIG: 17:14:10 :  Valid Param: DDR2_DATA_WIDTH ==> 16
MIG: 17:14:10 :  Invalid Param: ECC_TEST ==> "OFF"
MIG: 17:14:10 :  Invalid Param: DDR2_PAYLOAD_WIDTH ==> (ECC_TEST == "OFF") ? DATA_WIDTH : DQ_WIDTH
MIG: 17:14:10 :  Invalid Param: DDR2_MEM_ADDR_ORDER ==> "BANK_ROW_COLUMN"
MIG: 17:14:10 :  Invalid Param: DDR2_nBANK_MACHS ==> 4
MIG: 17:14:10 :  Invalid Param: DDR2_RANKS ==> 1
MIG: 17:14:10 : 
MIG: 17:14:10 :  Valid Param: DDR2_ODT_WIDTH ==> 1
MIG: 17:14:10 : 
MIG: 17:14:10 :  Valid Param: DDR2_ROW_WIDTH ==> 13
MIG: 17:14:11 : 
MIG: 17:14:11 :  Valid Param: DDR2_ADDR_WIDTH ==> 27
MIG: 17:14:11 : 
MIG: 17:14:11 :  Valid Param: DDR2_USE_CS_PORT ==> 1
MIG: 17:14:11 : 
MIG: 17:14:11 :  Valid Param: DDR2_USE_DM_PORT ==> 1
MIG: 17:14:11 : 
MIG: 17:14:11 :  Valid Param: DDR2_USE_ODT_PORT ==> 1
MIG: 17:14:11 :  Invalid Param: DDR2_PHY_CONTROL_MASTER_BANK ==> 0
MIG: 17:14:11 :  Invalid Param: DDR2_MEM_DENSITY ==> "1Gb"
MIG: 17:14:11 :  Invalid Param: DDR2_MEM_SPEEDGRADE ==> "25E"
MIG: 17:14:11 :  Invalid Param: DDR2_MEM_DEVICE_WIDTH ==> 16
MIG: 17:14:11 :  Invalid Param: DDR2_AL ==> "0"
MIG: 17:14:11 :  Invalid Param: DDR2_nAL ==> 0
MIG: 17:14:11 :  Invalid Param: DDR2_BURST_MODE ==> "8"
MIG: 17:14:11 :  Invalid Param: DDR2_BURST_TYPE ==> "SEQ"
MIG: 17:14:11 :  Invalid Param: DDR2_CL ==> 5
MIG: 17:14:11 :  Invalid Param: DDR2_OUTPUT_DRV ==> "HIGH"
MIG: 17:14:11 :  Invalid Param: DDR2_RTT_NOM ==> "50"
MIG: 17:14:11 :  Invalid Param: DDR2_ADDR_CMD_MODE ==> "1T"
MIG: 17:14:11 : 
MIG: 17:14:11 :  Valid Param: DDR2_REG_CTRL ==> OFF
MIG: 17:14:11 :  Invalid Param: DDR2_CLKIN_PERIOD ==> 4999
MIG: 17:14:11 :  Invalid Param: DDR2_CLKFBOUT_MULT ==> 6
MIG: 17:14:11 :  Invalid Param: DDR2_DIVCLK_DIVIDE ==> 1
MIG: 17:14:11 :  Invalid Param: DDR2_CLKOUT0_PHASE ==> 0.0
MIG: 17:14:11 :  Invalid Param: DDR2_CLKOUT0_DIVIDE ==> 2
MIG: 17:14:11 :  Invalid Param: DDR2_CLKOUT1_DIVIDE ==> 4
MIG: 17:14:11 :  Invalid Param: DDR2_CLKOUT2_DIVIDE ==> 64
MIG: 17:14:11 :  Invalid Param: DDR2_CLKOUT3_DIVIDE ==> 8
MIG: 17:14:11 :  Invalid Param: DDR2_MMCM_VCO ==> 1200
MIG: 17:14:11 :  Invalid Param: DDR2_MMCM_MULT_F ==> 7
MIG: 17:14:11 :  Invalid Param: DDR2_MMCM_DIVCLK_DIVIDE ==> 1
MIG: 17:14:11 :  Invalid Param: DDR2_tCKE ==> 7500
MIG: 17:14:11 :  Invalid Param: DDR2_tFAW ==> 45000
MIG: 17:14:11 :  Invalid Param: DDR2_tPRDI ==> 1_000_000
MIG: 17:14:11 :  Invalid Param: DDR2_tRAS ==> 40000
MIG: 17:14:11 :  Invalid Param: DDR2_tRCD ==> 15000
MIG: 17:14:11 :  Invalid Param: DDR2_tREFI ==> 7800000
MIG: 17:14:11 :  Invalid Param: DDR2_tRFC ==> 127500
MIG: 17:14:11 :  Invalid Param: DDR2_tRP ==> 12500
MIG: 17:14:11 :  Invalid Param: DDR2_tRRD ==> 10000
MIG: 17:14:11 :  Invalid Param: DDR2_tRTP ==> 7500
MIG: 17:14:11 :  Invalid Param: DDR2_tWTR ==> 7500
MIG: 17:14:11 :  Invalid Param: DDR2_tZQI ==> 128_000_000
MIG: 17:14:11 :  Invalid Param: DDR2_tZQCS ==> 64
MIG: 17:14:11 :  Invalid Param: DDR2_SIM_BYPASS_INIT_CAL ==> "OFF"
MIG: 17:14:11 :  Invalid Param: DDR2_SIMULATION ==> "FALSE"
MIG: 17:14:11 :  Invalid Param: DDR2_BYTE_LANES_B0 ==> 4'b1111
MIG: 17:14:11 :  Invalid Param: DDR2_BYTE_LANES_B1 ==> 4'b0000
MIG: 17:14:11 :  Invalid Param: DDR2_BYTE_LANES_B2 ==> 4'b0000
MIG: 17:14:11 :  Invalid Param: DDR2_BYTE_LANES_B3 ==> 4'b0000
MIG: 17:14:11 :  Invalid Param: DDR2_BYTE_LANES_B4 ==> 4'b0000
MIG: 17:14:11 :  Invalid Param: DDR2_DATA_CTL_B0 ==> 4'b0101
MIG: 17:14:11 :  Invalid Param: DDR2_DATA_CTL_B1 ==> 4'b0000
MIG: 17:14:11 :  Invalid Param: DDR2_DATA_CTL_B2 ==> 4'b0000
MIG: 17:14:11 :  Invalid Param: DDR2_DATA_CTL_B3 ==> 4'b0000
MIG: 17:14:11 :  Invalid Param: DDR2_DATA_CTL_B4 ==> 4'b0000
MIG: 17:14:11 :  Invalid Param: DDR2_PHY_0_BITLANES ==> 48'hFFC_3F7_FFF_3FE
MIG: 17:14:11 :  Invalid Param: DDR2_PHY_1_BITLANES ==> 48'h000_000_000_000
MIG: 17:14:11 :  Invalid Param: DDR2_PHY_2_BITLANES ==> 48'h000_000_000_000
MIG: 17:14:11 :  Invalid Param: DDR2_CK_BYTE_MAP ==> 144'h00_00_00_00_00_00_00_00_00_00_00_00_00_00_00_00_00_03
MIG: 17:14:11 :  Invalid Param: DDR2_ADDR_MAP ==> 192'h000_000_000_010_033_01A_019_032_03A_034_018_036_012_011_017_015
MIG: 17:14:11 :  Invalid Param: DDR2_BANK_MAP ==> 36'h013_016_01B
MIG: 17:14:11 :  Invalid Param: DDR2_CAS_MAP ==> 12'h039
MIG: 17:14:11 :  Invalid Param: DDR2_CKE_ODT_BYTE_MAP ==> 8'h00
MIG: 17:14:11 :  Invalid Param: DDR2_CKE_MAP ==> 96'h000_000_000_000_000_000_000_038
MIG: 17:14:11 :  Invalid Param: DDR2_ODT_MAP ==> 96'h000_000_000_000_000_000_000_035
MIG: 17:14:11 :  Invalid Param: DDR2_CS_MAP ==> 120'h000_000_000_000_000_000_000_000_000_037
MIG: 17:14:11 :  Invalid Param: DDR2_PARITY_MAP ==> 12'h000
MIG: 17:14:11 :  Invalid Param: DDR2_RAS_MAP ==> 12'h014
MIG: 17:14:11 :  Invalid Param: DDR2_WE_MAP ==> 12'h03B
MIG: 17:14:11 :  Invalid Param: DDR2_DQS_BYTE_MAP ==> 144'h00_00_00_00_00_00_00_00_00_00_00_00_00_00_00_00_02_00
MIG: 17:14:11 :  Invalid Param: DDR2_DATA0_MAP ==> 96'h008_004_009_007_005_001_006_003
MIG: 17:14:11 :  Invalid Param: DDR2_DATA1_MAP ==> 96'h022_028_020_024_027_025_026_021
MIG: 17:14:11 :  Invalid Param: DDR2_DATA2_MAP ==> 96'h000_000_000_000_000_000_000_000
MIG: 17:14:11 :  Invalid Param: DDR2_DATA3_MAP ==> 96'h000_000_000_000_000_000_000_000
MIG: 17:14:11 :  Invalid Param: DDR2_DATA4_MAP ==> 96'h000_000_000_000_000_000_000_000
MIG: 17:14:11 :  Invalid Param: DDR2_DATA5_MAP ==> 96'h000_000_000_000_000_000_000_000
MIG: 17:14:11 :  Invalid Param: DDR2_DATA6_MAP ==> 96'h000_000_000_000_000_000_000_000
MIG: 17:14:11 :  Invalid Param: DDR2_DATA7_MAP ==> 96'h000_000_000_000_000_000_000_000
MIG: 17:14:11 :  Invalid Param: DDR2_DATA8_MAP ==> 96'h000_000_000_000_000_000_000_000
MIG: 17:14:11 :  Invalid Param: DDR2_DATA9_MAP ==> 96'h000_000_000_000_000_000_000_000
MIG: 17:14:11 :  Invalid Param: DDR2_DATA10_MAP ==> 96'h000_000_000_000_000_000_000_000
MIG: 17:14:11 :  Invalid Param: DDR2_DATA11_MAP ==> 96'h000_000_000_000_000_000_000_000
MIG: 17:14:11 :  Invalid Param: DDR2_DATA12_MAP ==> 96'h000_000_000_000_000_000_000_000
MIG: 17:14:11 :  Invalid Param: DDR2_DATA13_MAP ==> 96'h000_000_000_000_000_000_000_000
MIG: 17:14:11 :  Invalid Param: DDR2_DATA14_MAP ==> 96'h000_000_000_000_000_000_000_000
MIG: 17:14:11 :  Invalid Param: DDR2_DATA15_MAP ==> 96'h000_000_000_000_000_000_000_000
MIG: 17:14:11 :  Invalid Param: DDR2_DATA16_MAP ==> 96'h000_000_000_000_000_000_000_000
MIG: 17:14:11 :  Invalid Param: DDR2_DATA17_MAP ==> 96'h000_000_000_000_000_000_000_000
MIG: 17:14:11 :  Invalid Param: DDR2_MASK0_MAP ==> 108'h000_000_000_000_000_000_000_029_002
MIG: 17:14:11 :  Invalid Param: DDR2_MASK1_MAP ==> 108'h000_000_000_000_000_000_000_000_000
MIG: 17:14:11 :  Invalid Param: DDR2_SLOT_0_CONFIG ==> 8'b0000_0001
MIG: 17:14:11 :  Invalid Param: DDR2_SLOT_1_CONFIG ==> 8'b0000_0000
MIG: 17:14:11 :  Invalid Param: DDR2_IBUF_LPWR_MODE ==> "OFF"
MIG: 17:14:11 :  Invalid Param: DDR2_DATA_IO_IDLE_PWRDWN ==> "ON"
MIG: 17:14:11 :  Invalid Param: DDR2_BANK_TYPE ==> "HR_IO"
MIG: 17:14:11 :  Invalid Param: DDR2_DATA_IO_PRIM_TYPE ==> "HR_LP"
MIG: 17:14:11 :  Invalid Param: DDR2_CKE_ODT_AUX ==> "FALSE"
MIG: 17:14:11 :  Invalid Param: DDR2_USER_REFRESH ==> "OFF"
MIG: 17:14:11 :  Invalid Param: DDR2_WRLVL ==> "OFF"
MIG: 17:14:11 :  Invalid Param: DDR2_ORDERING ==> "STRICT"
MIG: 17:14:11 :  Invalid Param: DDR2_CALIB_ROW_ADD ==> 16'h0000
MIG: 17:14:11 :  Invalid Param: DDR2_CALIB_COL_ADD ==> 12'h000
MIG: 17:14:11 :  Invalid Param: DDR2_CALIB_BA_ADD ==> 3'h0
MIG: 17:14:11 :  Invalid Param: DDR2_TCQ ==> 100
MIG: 17:14:11 :  Invalid Param: DDR2_IODELAY_GRP0 ==> "DDR_AXI_IODELAY_MIG0"
MIG: 17:14:11 :  Invalid Param: DDR2_SYSCLK_TYPE ==> "NO_BUFFER"
MIG: 17:14:11 :  Invalid Param: DDR2_REFCLK_TYPE ==> "USE_SYSTEM_CLOCK"
MIG: 17:14:11 :  Invalid Param: DDR2_SYS_RST_PORT ==> "FALSE"
MIG: 17:14:11 :  Invalid Param: DDR2_CMD_PIPE_PLUS1 ==> "ON"
MIG: 17:14:11 :  Invalid Param: DDR2_DRAM_TYPE ==> "DDR2"
MIG: 17:14:11 :  Invalid Param: DDR2_CAL_WIDTH ==> "HALF"
MIG: 17:14:11 :  Invalid Param: DDR2_STARVE_LIMIT ==> 2
MIG: 17:14:11 :  Invalid Param: DDR2_REFCLK_FREQ ==> 200.0
MIG: 17:14:11 :  Invalid Param: DDR2_DIFF_TERM_REFCLK ==> "TRUE"
MIG: 17:14:11 :  Invalid Param: DDR2_tCK ==> 3333
MIG: 17:14:11 : 
MIG: 17:14:11 :  Valid Param: DDR2_nCK_PER_CLK ==> 2
MIG: 17:14:11 :  Invalid Param: DDR2_DIFF_TERM_SYSCLK ==> "TRUE"
MIG: 17:14:11 : 
MIG: 17:14:11 :  Valid Param: DDR2_DEBUG_PORT ==> OFF
MIG: 17:14:11 : 
MIG: 17:14:11 :  Invalid Param: DDR2_TEMP_MON_CONTROL ==> "EXTERNAL"
MIG: 17:14:11 : 
MIG: 17:14:11 : 
MIG: 17:14:11 : 
MIG: 17:14:11 : Same Interface
MIG: 17:15:15 : Running customizer.xit
MIG: 17:15:15 : ################# RUNNING MIG INTERACTIVE ###################
MIG: 17:15:15 : Writing IN file for 'ddr_axi'...compDirPath: c:/Xilinx/Vivado/2015.4/data/ip/xilinx/mig_7series_v2_4... instDirPath: c:/Users/USUARIO/AppData/Roaming/Xilinx/Vivado/.Xil/Vivado-7980-CKYPC/coregen/ddr_axi
MIG: 17:15:15 : synp_flow:  -- synthesis_mode: Other
MIG: 17:15:15 : outputDirectory: c:/Users/USUARIO/AppData/Roaming/Xilinx/Vivado/.Xil/Vivado-7980-CKYPC/coregen/ddr_axi/_tmp/
MIG: 17:15:15 : vivado_mode: xpg_pa
MIG: 17:15:15 :  locked false  
MIG: 17:15:15 : HDL Language: Verilog
MIG: 17:15:15 : compInfo: false
MIG: 17:15:15 : Vivado Options xc7a100t csg324 -1
MIG: 17:15:15 : 1: xc7a100t 2: csg324 3: -1
MIG: 17:15:15 : relative mig path: coregen/ip/xilinx/other/com/xilinx/ip/mig_7series_v2_4/bin/nt64/mig.exe
MIG: 17:15:15 : xilinx_path: C:/Xilinx/Vivado/2015.4/ids_lite/ISE
MIG: 17:15:15 : I am in catch area
MIG: 17:15:15 : Running C:/Xilinx/Vivado/2015.4/ids_lite/ISE/coregen/ip/xilinx/other/com/xilinx/ip/mig_7series_v2_4/bin/nt64/mig.exe -cg_exc_inp c:/Users/USUARIO/AppData/Roaming/Xilinx/Vivado/.Xil/Vivado-7980-CKYPC/coregen/ddr_axi/xil_txt.in -cg_exc_out c:/Users/USUARIO/AppData/Roaming/Xilinx/Vivado/.Xil/Vivado-7980-CKYPC/coregen/ddr_axi/xil_txt.out ... 
MIG: 17:19:33 : Prasad before: xmlPropertyPrj -- mig_a.prj
MIG: 17:19:33 : Prasad After: xmlPropertyPrj -- mig_b.prj
MIG: 17:19:33 : XML_INPUT_FILE: c:/Users/USUARIO/AppData/Roaming/Xilinx/Vivado/.Xil/Vivado-7980-CKYPC/coregen/ddr_axi/mig_b.prj
MIG: 17:19:33 : Component_Name: ddr_axi
MIG: 17:19:33 : Moving ddr_axi ...
MIG: 17:19:33 : Moving ddr_axi.veo ...
MIG: 17:19:33 : Moving ddr_axi_xmdf.tcl ...
MIG: 17:19:33 : Sending back 0
MIG: 17:19:36 : xml_input_file: mig_b.prj
MIG: 17:19:36 : Absolute path of xml_input_file: d:/Documentos/Documentos/CIDIC/vivado/picorv32_vivado/picorv32_vivado.srcs/sources_1/ip/ddr_axi/mig_b.prj
MIG: 17:19:36 : xml_input_file: mig_b.prj
MIG: 17:19:36 : Absolute path of xml_input_file: d:/Documentos/Documentos/CIDIC/vivado/picorv32_vivado/picorv32_vivado.srcs/sources_1/ip/ddr_axi/mig_b.prj
MIG: 17:19:36 : In updateAllModelParams
MIG: 17:19:36 : IGN:     <ModuleName>ddr_axi</ModuleName> <==>     <ModuleName>ddr_axi</ModuleName> 
MIG: 17:19:36 : IGN:         <InputClkFreq>200.02</InputClkFreq> <==>         <InputClkFreq>200.02</InputClkFreq> 
MIG: 17:19:36 : XGUI hdlLanguage: Verilog
MIG: 17:19:36 : xgui vivado_mode: xpg_pa
MIG: 17:19:36 : xgui hdlLanguage: Verilog -- hdlExt: v
MIG: 17:19:36 : Reading D:/Documentos/Documentos/CIDIC/vivado/picorv32_vivado/picorv32_vivado.srcs/sources_1/ip/ddr_axi/ddr_axi/user_design/rtl/ddr_axi_mig.v ...
MIG: 17:19:37 : 
MIG: 17:19:37 : Inside fn mem: DDR2
MIG: 17:19:37 : QDRII+ Inside fn ui: 150000000
MIG: 17:19:37 : cntrl:  memtype: DDR2
MIG: 17:19:37 : 
MIG: 17:19:37 :  MMCM_VCO single ctrl param_name: MMCM_VCO --  possibleMaxVcoVal: 1200 
MIG: 17:19:37 : 
MIG: 17:19:37 : 1
MIG: 17:19:37 : 
MIG: 17:19:37 : 
MIG: 17:19:37 :  polarity_value: 1
MIG: 17:19:37 : 
MIG: 17:19:37 : 
MIG: 17:19:37 : cntrl:  memtype: DDR2
MIG: 17:19:37 :  Invalid Param: DDR2_RST_ACT_LOW ==> 1
MIG: 17:19:37 : 
MIG: 17:19:37 :  Valid Param: DDR2_BANK_WIDTH ==> 3
MIG: 17:19:37 : 
MIG: 17:19:37 :  Valid Param: DDR2_CK_WIDTH ==> 1
MIG: 17:19:37 :  Invalid Param: DDR2_COL_WIDTH ==> 10
MIG: 17:19:37 : 
MIG: 17:19:37 :  Valid Param: DDR2_CS_WIDTH ==> 1
MIG: 17:19:37 : 
MIG: 17:19:37 :  Valid Param: DDR2_nCS_PER_RANK ==> 1
MIG: 17:19:37 : 
MIG: 17:19:37 :  Valid Param: DDR2_CKE_WIDTH ==> 1
MIG: 17:19:37 :  Invalid Param: DDR2_DATA_BUF_ADDR_WIDTH ==> 4
MIG: 17:19:37 :  Invalid Param: DDR2_DQ_CNT_WIDTH ==> 4
MIG: 17:19:37 :  Invalid Param: DDR2_DQ_PER_DM ==> 8
MIG: 17:19:37 : 
MIG: 17:19:37 :  Valid Param: DDR2_DM_WIDTH ==> 2
MIG: 17:19:37 : 
MIG: 17:19:37 :  Valid Param: DDR2_DQ_WIDTH ==> 16
MIG: 17:19:37 : 
MIG: 17:19:37 :  Valid Param: DDR2_DQS_WIDTH ==> 2
MIG: 17:19:37 : 
MIG: 17:19:37 :  Valid Param: DDR2_DQS_CNT_WIDTH ==> 1
MIG: 17:19:37 :  Invalid Param: DDR2_DRAM_WIDTH ==> 8
MIG: 17:19:37 : 
MIG: 17:19:37 :  Valid Param: ECC ==> OFF
MIG: 17:19:37 : 
MIG: 17:19:37 :  Valid Param: DDR2_DATA_WIDTH ==> 16
MIG: 17:19:37 :  Invalid Param: ECC_TEST ==> "OFF"
MIG: 17:19:37 :  Invalid Param: DDR2_PAYLOAD_WIDTH ==> (ECC_TEST == "OFF") ? DATA_WIDTH : DQ_WIDTH
MIG: 17:19:37 :  Invalid Param: DDR2_MEM_ADDR_ORDER ==> "BANK_ROW_COLUMN"
MIG: 17:19:37 :  Invalid Param: DDR2_nBANK_MACHS ==> 4
MIG: 17:19:37 :  Invalid Param: DDR2_RANKS ==> 1
MIG: 17:19:37 : 
MIG: 17:19:37 :  Valid Param: DDR2_ODT_WIDTH ==> 1
MIG: 17:19:37 : 
MIG: 17:19:37 :  Valid Param: DDR2_ROW_WIDTH ==> 13
MIG: 17:19:37 : 
MIG: 17:19:37 :  Valid Param: DDR2_ADDR_WIDTH ==> 27
MIG: 17:19:37 : 
MIG: 17:19:37 :  Valid Param: DDR2_USE_CS_PORT ==> 1
MIG: 17:19:37 : 
MIG: 17:19:37 :  Valid Param: DDR2_USE_DM_PORT ==> 1
MIG: 17:19:37 : 
MIG: 17:19:37 :  Valid Param: DDR2_USE_ODT_PORT ==> 1
MIG: 17:19:37 :  Invalid Param: DDR2_PHY_CONTROL_MASTER_BANK ==> 0
MIG: 17:19:37 :  Invalid Param: DDR2_MEM_DENSITY ==> "1Gb"
MIG: 17:19:37 :  Invalid Param: DDR2_MEM_SPEEDGRADE ==> "25E"
MIG: 17:19:37 :  Invalid Param: DDR2_MEM_DEVICE_WIDTH ==> 16
MIG: 17:19:37 :  Invalid Param: DDR2_AL ==> "0"
MIG: 17:19:37 :  Invalid Param: DDR2_nAL ==> 0
MIG: 17:19:37 :  Invalid Param: DDR2_BURST_MODE ==> "8"
MIG: 17:19:37 :  Invalid Param: DDR2_BURST_TYPE ==> "SEQ"
MIG: 17:19:37 :  Invalid Param: DDR2_CL ==> 5
MIG: 17:19:37 :  Invalid Param: DDR2_OUTPUT_DRV ==> "HIGH"
MIG: 17:19:37 :  Invalid Param: DDR2_RTT_NOM ==> "50"
MIG: 17:19:37 :  Invalid Param: DDR2_ADDR_CMD_MODE ==> "1T"
MIG: 17:19:37 : 
MIG: 17:19:37 :  Valid Param: DDR2_REG_CTRL ==> OFF
MIG: 17:19:37 :  Invalid Param: DDR2_CLKIN_PERIOD ==> 4999
MIG: 17:19:37 :  Invalid Param: DDR2_CLKFBOUT_MULT ==> 6
MIG: 17:19:37 :  Invalid Param: DDR2_DIVCLK_DIVIDE ==> 1
MIG: 17:19:37 :  Invalid Param: DDR2_CLKOUT0_PHASE ==> 0.0
MIG: 17:19:37 :  Invalid Param: DDR2_CLKOUT0_DIVIDE ==> 2
MIG: 17:19:37 :  Invalid Param: DDR2_CLKOUT1_DIVIDE ==> 4
MIG: 17:19:37 :  Invalid Param: DDR2_CLKOUT2_DIVIDE ==> 64
MIG: 17:19:37 :  Invalid Param: DDR2_CLKOUT3_DIVIDE ==> 8
MIG: 17:19:37 :  Invalid Param: DDR2_MMCM_VCO ==> 1200
MIG: 17:19:37 :  Invalid Param: DDR2_MMCM_MULT_F ==> 7
MIG: 17:19:37 :  Invalid Param: DDR2_MMCM_DIVCLK_DIVIDE ==> 1
MIG: 17:19:37 :  Invalid Param: DDR2_tCKE ==> 7500
MIG: 17:19:37 :  Invalid Param: DDR2_tFAW ==> 45000
MIG: 17:19:37 :  Invalid Param: DDR2_tPRDI ==> 1_000_000
MIG: 17:19:37 :  Invalid Param: DDR2_tRAS ==> 40000
MIG: 17:19:37 :  Invalid Param: DDR2_tRCD ==> 15000
MIG: 17:19:37 :  Invalid Param: DDR2_tREFI ==> 7800000
MIG: 17:19:37 :  Invalid Param: DDR2_tRFC ==> 127500
MIG: 17:19:37 :  Invalid Param: DDR2_tRP ==> 12500
MIG: 17:19:37 :  Invalid Param: DDR2_tRRD ==> 10000
MIG: 17:19:37 :  Invalid Param: DDR2_tRTP ==> 7500
MIG: 17:19:37 :  Invalid Param: DDR2_tWTR ==> 7500
MIG: 17:19:37 :  Invalid Param: DDR2_tZQI ==> 128_000_000
MIG: 17:19:37 :  Invalid Param: DDR2_tZQCS ==> 64
MIG: 17:19:37 :  Invalid Param: DDR2_SIM_BYPASS_INIT_CAL ==> "OFF"
MIG: 17:19:37 :  Invalid Param: DDR2_SIMULATION ==> "FALSE"
MIG: 17:19:37 :  Invalid Param: DDR2_BYTE_LANES_B0 ==> 4'b1111
MIG: 17:19:37 :  Invalid Param: DDR2_BYTE_LANES_B1 ==> 4'b0000
MIG: 17:19:37 :  Invalid Param: DDR2_BYTE_LANES_B2 ==> 4'b0000
MIG: 17:19:37 :  Invalid Param: DDR2_BYTE_LANES_B3 ==> 4'b0000
MIG: 17:19:37 :  Invalid Param: DDR2_BYTE_LANES_B4 ==> 4'b0000
MIG: 17:19:37 :  Invalid Param: DDR2_DATA_CTL_B0 ==> 4'b0101
MIG: 17:19:37 :  Invalid Param: DDR2_DATA_CTL_B1 ==> 4'b0000
MIG: 17:19:37 :  Invalid Param: DDR2_DATA_CTL_B2 ==> 4'b0000
MIG: 17:19:37 :  Invalid Param: DDR2_DATA_CTL_B3 ==> 4'b0000
MIG: 17:19:37 :  Invalid Param: DDR2_DATA_CTL_B4 ==> 4'b0000
MIG: 17:19:37 :  Invalid Param: DDR2_PHY_0_BITLANES ==> 48'hFFC_3F7_FFF_3FE
MIG: 17:19:37 :  Invalid Param: DDR2_PHY_1_BITLANES ==> 48'h000_000_000_000
MIG: 17:19:37 :  Invalid Param: DDR2_PHY_2_BITLANES ==> 48'h000_000_000_000
MIG: 17:19:37 :  Invalid Param: DDR2_CK_BYTE_MAP ==> 144'h00_00_00_00_00_00_00_00_00_00_00_00_00_00_00_00_00_03
MIG: 17:19:37 :  Invalid Param: DDR2_ADDR_MAP ==> 192'h000_000_000_010_033_01A_019_032_03A_034_018_036_012_011_017_015
MIG: 17:19:37 :  Invalid Param: DDR2_BANK_MAP ==> 36'h013_016_01B
MIG: 17:19:37 :  Invalid Param: DDR2_CAS_MAP ==> 12'h039
MIG: 17:19:37 :  Invalid Param: DDR2_CKE_ODT_BYTE_MAP ==> 8'h00
MIG: 17:19:37 :  Invalid Param: DDR2_CKE_MAP ==> 96'h000_000_000_000_000_000_000_038
MIG: 17:19:37 :  Invalid Param: DDR2_ODT_MAP ==> 96'h000_000_000_000_000_000_000_035
MIG: 17:19:37 :  Invalid Param: DDR2_CS_MAP ==> 120'h000_000_000_000_000_000_000_000_000_037
MIG: 17:19:37 :  Invalid Param: DDR2_PARITY_MAP ==> 12'h000
MIG: 17:19:37 :  Invalid Param: DDR2_RAS_MAP ==> 12'h014
MIG: 17:19:37 :  Invalid Param: DDR2_WE_MAP ==> 12'h03B
MIG: 17:19:37 :  Invalid Param: DDR2_DQS_BYTE_MAP ==> 144'h00_00_00_00_00_00_00_00_00_00_00_00_00_00_00_00_02_00
MIG: 17:19:37 :  Invalid Param: DDR2_DATA0_MAP ==> 96'h008_004_009_007_005_001_006_003
MIG: 17:19:37 :  Invalid Param: DDR2_DATA1_MAP ==> 96'h022_028_020_024_027_025_026_021
MIG: 17:19:37 :  Invalid Param: DDR2_DATA2_MAP ==> 96'h000_000_000_000_000_000_000_000
MIG: 17:19:37 :  Invalid Param: DDR2_DATA3_MAP ==> 96'h000_000_000_000_000_000_000_000
MIG: 17:19:37 :  Invalid Param: DDR2_DATA4_MAP ==> 96'h000_000_000_000_000_000_000_000
MIG: 17:19:37 :  Invalid Param: DDR2_DATA5_MAP ==> 96'h000_000_000_000_000_000_000_000
MIG: 17:19:37 :  Invalid Param: DDR2_DATA6_MAP ==> 96'h000_000_000_000_000_000_000_000
MIG: 17:19:37 :  Invalid Param: DDR2_DATA7_MAP ==> 96'h000_000_000_000_000_000_000_000
MIG: 17:19:37 :  Invalid Param: DDR2_DATA8_MAP ==> 96'h000_000_000_000_000_000_000_000
MIG: 17:19:37 :  Invalid Param: DDR2_DATA9_MAP ==> 96'h000_000_000_000_000_000_000_000
MIG: 17:19:37 :  Invalid Param: DDR2_DATA10_MAP ==> 96'h000_000_000_000_000_000_000_000
MIG: 17:19:37 :  Invalid Param: DDR2_DATA11_MAP ==> 96'h000_000_000_000_000_000_000_000
MIG: 17:19:37 :  Invalid Param: DDR2_DATA12_MAP ==> 96'h000_000_000_000_000_000_000_000
MIG: 17:19:37 :  Invalid Param: DDR2_DATA13_MAP ==> 96'h000_000_000_000_000_000_000_000
MIG: 17:19:37 :  Invalid Param: DDR2_DATA14_MAP ==> 96'h000_000_000_000_000_000_000_000
MIG: 17:19:37 :  Invalid Param: DDR2_DATA15_MAP ==> 96'h000_000_000_000_000_000_000_000
MIG: 17:19:37 :  Invalid Param: DDR2_DATA16_MAP ==> 96'h000_000_000_000_000_000_000_000
MIG: 17:19:37 :  Invalid Param: DDR2_DATA17_MAP ==> 96'h000_000_000_000_000_000_000_000
MIG: 17:19:37 :  Invalid Param: DDR2_MASK0_MAP ==> 108'h000_000_000_000_000_000_000_029_002
MIG: 17:19:37 :  Invalid Param: DDR2_MASK1_MAP ==> 108'h000_000_000_000_000_000_000_000_000
MIG: 17:19:37 :  Invalid Param: DDR2_SLOT_0_CONFIG ==> 8'b0000_0001
MIG: 17:19:37 :  Invalid Param: DDR2_SLOT_1_CONFIG ==> 8'b0000_0000
MIG: 17:19:37 :  Invalid Param: DDR2_IBUF_LPWR_MODE ==> "OFF"
MIG: 17:19:37 :  Invalid Param: DDR2_DATA_IO_IDLE_PWRDWN ==> "OFF"
MIG: 17:19:37 :  Invalid Param: DDR2_BANK_TYPE ==> "HR_IO"
MIG: 17:19:37 :  Invalid Param: DDR2_DATA_IO_PRIM_TYPE ==> "DEFAULT"
MIG: 17:19:37 :  Invalid Param: DDR2_CKE_ODT_AUX ==> "FALSE"
MIG: 17:19:37 :  Invalid Param: DDR2_USER_REFRESH ==> "OFF"
MIG: 17:19:37 :  Invalid Param: DDR2_WRLVL ==> "OFF"
MIG: 17:19:37 :  Invalid Param: DDR2_ORDERING ==> "STRICT"
MIG: 17:19:37 :  Invalid Param: DDR2_CALIB_ROW_ADD ==> 16'h0000
MIG: 17:19:37 :  Invalid Param: DDR2_CALIB_COL_ADD ==> 12'h000
MIG: 17:19:37 :  Invalid Param: DDR2_CALIB_BA_ADD ==> 3'h0
MIG: 17:19:37 :  Invalid Param: DDR2_TCQ ==> 100
MIG: 17:19:37 :  Invalid Param: DDR2_IODELAY_GRP0 ==> "DDR_AXI_IODELAY_MIG0"
MIG: 17:19:37 :  Invalid Param: DDR2_SYSCLK_TYPE ==> "NO_BUFFER"
MIG: 17:19:37 :  Invalid Param: DDR2_REFCLK_TYPE ==> "USE_SYSTEM_CLOCK"
MIG: 17:19:37 :  Invalid Param: DDR2_SYS_RST_PORT ==> "FALSE"
MIG: 17:19:37 :  Invalid Param: DDR2_CMD_PIPE_PLUS1 ==> "ON"
MIG: 17:19:37 :  Invalid Param: DDR2_DRAM_TYPE ==> "DDR2"
MIG: 17:19:37 :  Invalid Param: DDR2_CAL_WIDTH ==> "HALF"
MIG: 17:19:37 :  Invalid Param: DDR2_STARVE_LIMIT ==> 2
MIG: 17:19:37 :  Invalid Param: DDR2_REFCLK_FREQ ==> 200.0
MIG: 17:19:37 :  Invalid Param: DDR2_DIFF_TERM_REFCLK ==> "TRUE"
MIG: 17:19:37 :  Invalid Param: DDR2_tCK ==> 3333
MIG: 17:19:37 : 
MIG: 17:19:37 :  Valid Param: DDR2_nCK_PER_CLK ==> 2
MIG: 17:19:37 :  Invalid Param: DDR2_DIFF_TERM_SYSCLK ==> "TRUE"
MIG: 17:19:38 : 
MIG: 17:19:38 :  Valid Param: UI_EXTRA_CLOCKS ==> FALSE
MIG: 17:19:38 : 
MIG: 17:19:38 :  Valid Param: C_S_AXI_ID_WIDTH ==> 4
MIG: 17:19:38 : 134217728
MIG: 17:19:38 :  Valid Param: C_S_AXI_MEM_SIZE ==> 134217728
MIG: 17:19:38 : 
MIG: 17:19:38 :  Valid Param: C_S_AXI_ADDR_WIDTH ==> 32
MIG: 17:19:38 : 
MIG: 17:19:38 :  Valid Param: C_S_AXI_DATA_WIDTH ==> 32
MIG: 17:19:38 :  Invalid Param: DDR2_C_MC_nCK_PER_CLK ==> 2
MIG: 17:19:38 :  Invalid Param: C_S_AXI_SUPPORTS_NARROW_BURST ==> 0
MIG: 17:19:38 :  Invalid Param: DDR2_C_RD_WR_ARB_ALGORITHM ==> "RD_PRI_REG"
MIG: 17:19:38 :  Invalid Param: C_S_AXI_REG_EN0 ==> 20'h00000
MIG: 17:19:38 :  Invalid Param: C_S_AXI_REG_EN1 ==> 20'h00000
MIG: 17:19:38 : 
MIG: 17:19:38 :  Valid Param: C_S_AXI_CTRL_ADDR_WIDTH ==> 32
MIG: 17:19:38 : 
MIG: 17:19:38 :  Valid Param: C_S_AXI_CTRL_DATA_WIDTH ==> 32
MIG: 17:19:38 :  Invalid Param: C_S_AXI_BASEADDR ==> 32'h0000_0000
MIG: 17:19:38 :  Invalid Param: C_ECC_ONOFF_RESET_VALUE ==> 1
MIG: 17:19:38 :  Invalid Param: C_ECC_CE_COUNTER_WIDTH ==> 8
MIG: 17:19:38 : 
MIG: 17:19:38 :  Valid Param: DDR2_DEBUG_PORT ==> OFF
MIG: 17:19:38 : 
MIG: 17:19:38 :  Invalid Param: DDR2_TEMP_MON_CONTROL ==> "EXTERNAL"
MIG: 17:19:38 : 
MIG: 17:19:38 : 
MIG: 17:19:38 : 
MIG: 17:19:38 : Same Interface
MIG: 17:19:46 : Running synthesis.xit
MIG: 17:19:46 : IGN:     <ModuleName>ddr_axi</ModuleName> <==>     <ModuleName>ddr_axi</ModuleName> 
MIG: 17:19:46 : IGN:         <InputClkFreq>200.02</InputClkFreq> <==>         <InputClkFreq>200.02</InputClkFreq> 
MIG: 17:19:46 : Running vlog_synth_rpr.xit
MIG: 17:19:46 : IGN:     <ModuleName>ddr_axi</ModuleName> <==>     <ModuleName>ddr_axi</ModuleName> 
MIG: 17:19:46 : IGN:         <InputClkFreq>200.02</InputClkFreq> <==>         <InputClkFreq>200.02</InputClkFreq> 
MIG: 17:19:47 : Running simulation.xit
MIG: 17:19:47 : IGN:     <ModuleName>ddr_axi</ModuleName> <==>     <ModuleName>ddr_axi</ModuleName> 
MIG: 17:19:47 : IGN:         <InputClkFreq>200.02</InputClkFreq> <==>         <InputClkFreq>200.02</InputClkFreq> 
MIG: 17:19:47 : Running vlog_sim_rpr.xit .. PRASAD DBG1
MIG: 17:19:48 : IGN:     <ModuleName>ddr_axi</ModuleName> <==>     <ModuleName>ddr_axi</ModuleName> 
MIG: 17:19:48 : IGN:         <InputClkFreq>200.02</InputClkFreq> <==>         <InputClkFreq>200.02</InputClkFreq> 
MIG: 17:19:48 : Running implementation.xit
MIG: 17:19:48 : IGN:     <ModuleName>ddr_axi</ModuleName> <==>     <ModuleName>ddr_axi</ModuleName> 
MIG: 17:19:48 : IGN:         <InputClkFreq>200.02</InputClkFreq> <==>         <InputClkFreq>200.02</InputClkFreq> 
MIG: 21:23:11 : ################# RUNNING MIG BATCH ###################
MIG: 21:23:11 : Writing IN file for 'ddr_axi'...compDirPath: c:/Xilinx/Vivado/2015.4/data/ip/xilinx/mig_7series_v2_4... instDirPath: d:/Documentos/Documentos/CIDIC/vivado/picorv32_vivado/picorv32_vivado.srcs/sources_1/ip/ddr_axi
MIG: 21:23:11 : synp_flow:  -- synthesis_mode: Other
MIG: 21:23:11 : outputDirectory: d:/Documentos/Documentos/CIDIC/vivado/picorv32_vivado/picorv32_vivado.srcs/sources_1/ip/ddr_axi/_tmp/
MIG: 21:23:11 : vivado_mode: xpg_pa
MIG: 21:23:11 :  locked false  
MIG: 21:23:11 : HDL Language: Verilog
MIG: 21:23:11 : compInfo: false
MIG: 21:23:11 : Vivado Options xc7a100t csg324 -1
MIG: 21:23:11 : 1: xc7a100t 2: csg324 3: -1
MIG: 21:23:11 : relative mig path: coregen/ip/xilinx/other/com/xilinx/ip/mig_7series_v2_4/bin/nt64/mig.exe
MIG: 21:23:11 : xilinx_path: C:/Xilinx/Vivado/2015.4/ids_lite/ISE
MIG: 21:23:11 : I am in catch area
MIG: 21:23:11 : Running C:/Xilinx/Vivado/2015.4/ids_lite/ISE/coregen/ip/xilinx/other/com/xilinx/ip/mig_7series_v2_4/bin/nt64/mig.exe -cg_exc_inp d:/Documentos/Documentos/CIDIC/vivado/picorv32_vivado/picorv32_vivado.srcs/sources_1/ip/ddr_axi/xil_txt.in -cg_exc_out d:/Documentos/Documentos/CIDIC/vivado/picorv32_vivado/picorv32_vivado.srcs/sources_1/ip/ddr_axi/xil_txt.out ... 
MIG: 21:23:28 : XML_INPUT_FILE: d:/Documentos/Documentos/CIDIC/vivado/picorv32_vivado/picorv32_vivado.srcs/sources_1/ip/ddr_axi/mig_b.prj
MIG: 21:23:28 : Component_Name: ddr_axi
MIG: 21:23:28 : Moving ddr_axi ...
MIG: 21:23:28 : Moving ddr_axi.veo ...
MIG: 21:23:28 : Moving ddr_axi_xmdf.tcl ...
MIG: 21:23:28 : Running synthesis.xit
MIG: 21:23:29 : IGN:     <ModuleName>ddr_axi</ModuleName> <==>     <ModuleName>ddr_axi</ModuleName> 
MIG: 21:23:29 : IGN:         <InputClkFreq>200.02</InputClkFreq> <==>         <InputClkFreq>200.02</InputClkFreq> 
MIG: 21:23:29 : Running vlog_synth_rpr.xit
MIG: 21:23:29 : IGN:     <ModuleName>ddr_axi</ModuleName> <==>     <ModuleName>ddr_axi</ModuleName> 
MIG: 21:23:29 : IGN:         <InputClkFreq>200.02</InputClkFreq> <==>         <InputClkFreq>200.02</InputClkFreq> 
MIG: 21:23:30 : Running simulation.xit
MIG: 21:23:30 : IGN:     <ModuleName>ddr_axi</ModuleName> <==>     <ModuleName>ddr_axi</ModuleName> 
MIG: 21:23:30 : IGN:         <InputClkFreq>200.02</InputClkFreq> <==>         <InputClkFreq>200.02</InputClkFreq> 
MIG: 21:23:31 : Running vlog_sim_rpr.xit .. PRASAD DBG1
MIG: 21:23:31 : IGN:     <ModuleName>ddr_axi</ModuleName> <==>     <ModuleName>ddr_axi</ModuleName> 
MIG: 21:23:31 : IGN:         <InputClkFreq>200.02</InputClkFreq> <==>         <InputClkFreq>200.02</InputClkFreq> 
MIG: 21:23:31 : Running implementation.xit
MIG: 21:23:31 : IGN:     <ModuleName>ddr_axi</ModuleName> <==>     <ModuleName>ddr_axi</ModuleName> 
MIG: 21:23:31 : IGN:         <InputClkFreq>200.02</InputClkFreq> <==>         <InputClkFreq>200.02</InputClkFreq> 
MIG: 14:34:52 : xml_input_file: mig_b.prj
MIG: 14:34:52 : Absolute path of xml_input_file: d:/Documentos/Documentos/CIDIC/vivado/picorv32_vivado/picorv32_vivado.srcs/sources_1/ip/ddr_axi/mig_b.prj
MIG: 14:34:52 : xml_input_file: mig_b.prj
MIG: 14:34:52 : Absolute path of xml_input_file: d:/Documentos/Documentos/CIDIC/vivado/picorv32_vivado/picorv32_vivado.srcs/sources_1/ip/ddr_axi/mig_b.prj
MIG: 03:11:44 : Running synthesis.xit
MIG: 03:11:44 : ################# RUNNING MIG BATCH ###################
MIG: 03:11:45 : Writing IN file for 'ddr_axi'...compDirPath: c:/Xilinx/Vivado/2015.4/data/ip/xilinx/mig_7series_v2_4... instDirPath: d:/Documentos/Documentos/CIDIC/vivado/picorv32_vivado/picorv32_vivado.srcs/sources_1/ip/ddr_axi
MIG: 03:11:45 : synp_flow:  -- synthesis_mode: Other
MIG: 03:11:45 : outputDirectory: d:/Documentos/Documentos/CIDIC/vivado/picorv32_vivado/picorv32_vivado.srcs/sources_1/ip/ddr_axi/_tmp/
MIG: 03:11:45 : vivado_mode: xpg_pa
MIG: 03:11:45 :  locked false  
MIG: 03:11:45 : HDL Language: Verilog
MIG: 03:11:45 : compInfo: false
MIG: 03:11:45 : Vivado Options xc7a100t csg324 -1
MIG: 03:11:45 : 1: xc7a100t 2: csg324 3: -1
MIG: 03:11:45 : relative mig path: coregen/ip/xilinx/other/com/xilinx/ip/mig_7series_v2_4/bin/nt64/mig.exe
MIG: 03:11:45 : xilinx_path: C:/Xilinx/Vivado/2015.4/ids_lite/ISE
MIG: 03:11:45 : I am in catch area
MIG: 03:11:45 : Running C:/Xilinx/Vivado/2015.4/ids_lite/ISE/coregen/ip/xilinx/other/com/xilinx/ip/mig_7series_v2_4/bin/nt64/mig.exe -cg_exc_inp d:/Documentos/Documentos/CIDIC/vivado/picorv32_vivado/picorv32_vivado.srcs/sources_1/ip/ddr_axi/xil_txt.in -cg_exc_out d:/Documentos/Documentos/CIDIC/vivado/picorv32_vivado/picorv32_vivado.srcs/sources_1/ip/ddr_axi/xil_txt.out ... 
MIG: 03:12:02 : XML_INPUT_FILE: d:/Documentos/Documentos/CIDIC/vivado/picorv32_vivado/picorv32_vivado.srcs/sources_1/ip/ddr_axi/mig_b.prj
MIG: 03:12:02 : Component_Name: ddr_axi
MIG: 03:12:02 : Moving ddr_axi ...
MIG: 03:12:03 : Moving ddr_axi.veo ...
MIG: 03:12:03 : Moving ddr_axi_xmdf.tcl ...
MIG: 03:12:03 : Running vlog_synth_rpr.xit
MIG: 03:12:03 : IGN:     <ModuleName>ddr_axi</ModuleName> <==>     <ModuleName>ddr_axi</ModuleName> 
MIG: 03:12:03 : IGN:         <InputClkFreq>200.02</InputClkFreq> <==>         <InputClkFreq>200.02</InputClkFreq> 
MIG: 03:12:04 : Running implementation.xit
MIG: 03:12:04 : IGN:     <ModuleName>ddr_axi</ModuleName> <==>     <ModuleName>ddr_axi</ModuleName> 
MIG: 03:12:04 : IGN:         <InputClkFreq>200.02</InputClkFreq> <==>         <InputClkFreq>200.02</InputClkFreq> 
