Copyright 1986-2016 Xilinx, Inc. All Rights Reserved.
------------------------------------------------------------------------------------
| Tool Version : Vivado v.2016.4 (lin64) Build 1756540 Mon Jan 23 19:11:19 MST 2017
| Date         : Wed Apr  5 10:55:19 2017
| Host         : generic-OptiPlex-9010 running 64-bit Ubuntu 16.04.2 LTS
| Command      : upgrade_ip
| Device       : xc7a100tcsg324-1
------------------------------------------------------------------------------------

Upgrade Log for IP 'ddr_axi'

1. Summary
----------

SUCCESS in the upgrade of ddr_axi from xilinx.com:ip:mig_7series:2.4 (Rev. 1) to xilinx.com:ip:mig_7series:4.0 (Rev. 2)






Copyright 1986-2016 Xilinx, Inc. All Rights Reserved.
------------------------------------------------------------------------------------
| Tool Version : Vivado v.2016.4 (lin64) Build 1756540 Mon Jan 23 19:11:19 MST 2017
| Date         : Wed Apr  5 10:54:57 2017
| Host         : generic-OptiPlex-9010 running 64-bit Ubuntu 16.04.2 LTS
| Command      : upgrade_ip
| Device       : xc7a100tcsg324-1
------------------------------------------------------------------------------------

Upgrade Log for IP 'ddr'

1. Summary
----------

SUCCESS in the upgrade of ddr from xilinx.com:ip:mig_7series:2.4 (Rev. 1) to xilinx.com:ip:mig_7series:4.0 (Rev. 2)






Copyright 1986-2016 Xilinx, Inc. All Rights Reserved.
------------------------------------------------------------------------------------
| Tool Version : Vivado v.2016.4 (lin64) Build 1756540 Mon Jan 23 19:11:19 MST 2017
| Date         : Wed Apr  5 10:54:39 2017
| Host         : generic-OptiPlex-9010 running 64-bit Ubuntu 16.04.2 LTS
| Command      : upgrade_ip
| Device       : xc7a100tcsg324-1
------------------------------------------------------------------------------------

Upgrade Log for IP 'clk_wiz_0'

1. Summary
----------

CAUTION (success, with warnings) in the upgrade of clk_wiz_0 from xilinx.com:ip:clk_wiz:5.2 (Rev. 1) to xilinx.com:ip:clk_wiz:5.3 (Rev. 3)

After upgrade, an IP may have parameter and port differences compared to the original customization. Please review the parameters within the IP customization GUI to ensure proper functionality. Also, please review the updated IP instantiation template to ensure proper connectivity, and update your design if required.

2. Connection Warnings
----------------------

Detected external port differences while upgrading 'clk_wiz_0'. These changes may impact your design.


-Upgraded port order differs after port 'reset'


