#-----------------------------------------------------------
# Vivado v2016.4 (64-bit)
# SW Build 1756540 on Mon Jan 23 19:11:19 MST 2017
# IP Build 1755317 on Mon Jan 23 20:30:07 MST 2017
# Start of session at: Wed Apr  5 11:35:16 2017
# Process ID: 7700
# Current directory: /home/generic/Arquitectura/mriscv_vivado
# Command line: vivado
# Log file: /home/generic/Arquitectura/mriscv_vivado/vivado.log
# Journal file: /home/generic/Arquitectura/mriscv_vivado/vivado.jou
#-----------------------------------------------------------
start_gui
open_project /home/generic/Arquitectura/mriscv_vivado/mriscv_vivado.xpr
CRITICAL WARNING: [Project 1-19] Could not find the file '/home/generic/Arquitectura/mriscv_vivado/mriscv_vivado.srcs/sources_1/imports/picorv32/picorv32_pcpi_mul.v'.
CRITICAL WARNING: [Project 1-19] Could not find the file '/home/generic/Arquitectura/mriscv_vivado/mriscv_vivado.srcs/sources_1/imports/picorv32/picorv32_pcpi.v'.
CRITICAL WARNING: [Project 1-19] Could not find the file '/home/generic/Arquitectura/mriscv_vivado/mriscv_vivado.srcs/sources_1/imports/picorv32/picorv32_memory_interface.v'.
CRITICAL WARNING: [Project 1-19] Could not find the file '/home/generic/Arquitectura/mriscv_vivado/mriscv_vivado.srcs/sources_1/imports/picorv32/picorv32_instruction_decoder.v'.
CRITICAL WARNING: [Project 1-19] Could not find the file '/home/generic/Arquitectura/mriscv_vivado/mriscv_vivado.srcs/sources_1/imports/picorv32/picorv32_fsm.v'.
CRITICAL WARNING: [Project 1-19] Could not find the file '/home/generic/Arquitectura/mriscv_vivado/mriscv_vivado.srcs/sources_1/imports/picorv32/picorv32_datapath.v'.
CRITICAL WARNING: [Project 1-19] Could not find the file '/home/generic/Arquitectura/mriscv_vivado/mriscv_vivado.srcs/sources_1/imports/picorv32/picorv32_alu.v'.
CRITICAL WARNING: [Project 1-19] Could not find the file '/home/generic/Arquitectura/mriscv_vivado/mriscv_vivado.srcs/sources_1/imports/picorv32/picorv32_axi_adapter.v'.
CRITICAL WARNING: [Project 1-19] Could not find the file '/home/generic/Arquitectura/mriscv_vivado/mriscv_vivado.srcs/sources_1/imports/picorv32/picorv32.v'.
CRITICAL WARNING: [Project 1-19] Could not find the file '/home/generic/Arquitectura/mriscv_vivado/mriscv_vivado.srcs/sources_1/imports/picorv32/picorv32_axi.v'.
Scanning sources...
Finished scanning sources
WARNING: [filemgmt 56-3] impl_1 strategy "Vivado Implementation Defaults," step write_bitstream, attribute : Could not find the file '/home/generic/Arquitectura/mriscv_vivado/shit.tcl'.
INFO: [IP_Flow 19-234] Refreshing IP repositories
INFO: [IP_Flow 19-1704] No user IP repositories specified
INFO: [IP_Flow 19-2313] Loaded Vivado IP repository '/opt/Xilinx/Vivado/2016.4/data/ip'.
open_project: Time (s): cpu = 00:00:09 ; elapsed = 00:00:05 . Memory (MB): peak = 5862.273 ; gain = 110.668 ; free physical = 952 ; free virtual = 6583
remove_files  -fileset sim_1 /home/generic/Arquitectura/mriscv_vivado/mriscv_vivado.srcs/sim_1/imports/picorv32/testbench.v
file delete -force /home/generic/Arquitectura/mriscv_vivado/mriscv_vivado.srcs/sim_1/imports/picorv32/testbench.v
remove_files  {/home/generic/Arquitectura/mriscv_vivado/mriscv_vivado.srcs/sources_1/imports/picorv32/picorv32_pcpi_mul.v /home/generic/Arquitectura/mriscv_vivado/mriscv_vivado.srcs/sources_1/imports/picorv32/picorv32_pcpi.v /home/generic/Arquitectura/mriscv_vivado/mriscv_vivado.srcs/sources_1/imports/picorv32/picorv32_memory_interface.v /home/generic/Arquitectura/mriscv_vivado/mriscv_vivado.srcs/sources_1/imports/picorv32/picorv32_instruction_decoder.v /home/generic/Arquitectura/mriscv_vivado/mriscv_vivado.srcs/sources_1/imports/picorv32/picorv32_fsm.v /home/generic/Arquitectura/mriscv_vivado/mriscv_vivado.srcs/sources_1/imports/picorv32/picorv32_datapath.v /home/generic/Arquitectura/mriscv_vivado/mriscv_vivado.srcs/sources_1/imports/picorv32/picorv32_alu.v /home/generic/Arquitectura/mriscv_vivado/mriscv_vivado.srcs/sources_1/imports/picorv32/picorv32_axi_adapter.v /home/generic/Arquitectura/mriscv_vivado/mriscv_vivado.srcs/sources_1/imports/picorv32/picorv32.v /home/generic/Arquitectura/mriscv_vivado/mriscv_vivado.srcs/sources_1/imports/picorv32/picorv32_axi.v}
file delete -force /home/generic/Arquitectura/mriscv_vivado/mriscv_vivado.srcs/sources_1/imports/picorv32/picorv32_pcpi_mul.v /home/generic/Arquitectura/mriscv_vivado/mriscv_vivado.srcs/sources_1/imports/picorv32/picorv32_pcpi.v /home/generic/Arquitectura/mriscv_vivado/mriscv_vivado.srcs/sources_1/imports/picorv32/picorv32_memory_interface.v /home/generic/Arquitectura/mriscv_vivado/mriscv_vivado.srcs/sources_1/imports/picorv32/picorv32_instruction_decoder.v /home/generic/Arquitectura/mriscv_vivado/mriscv_vivado.srcs/sources_1/imports/picorv32/picorv32_fsm.v /home/generic/Arquitectura/mriscv_vivado/mriscv_vivado.srcs/sources_1/imports/picorv32/picorv32_datapath.v /home/generic/Arquitectura/mriscv_vivado/mriscv_vivado.srcs/sources_1/imports/picorv32/picorv32_alu.v /home/generic/Arquitectura/mriscv_vivado/mriscv_vivado.srcs/sources_1/imports/picorv32/picorv32_axi_adapter.v /home/generic/Arquitectura/mriscv_vivado/mriscv_vivado.srcs/sources_1/imports/picorv32/picorv32.v /home/generic/Arquitectura/mriscv_vivado/mriscv_vivado.srcs/sources_1/imports/picorv32/picorv32_axi.v
exit
INFO: [Common 17-206] Exiting Vivado at Wed Apr  5 11:37:25 2017...
