Vivado Simulator 2015.4
Time resolution is 1 ps
Slave:           0, Task: RAddr
TIME=              240000. Actual value of trans=00000000000000000000001001000100, expected is 00000000000000000000001001000100. MATCH!
Master:           0, Task: RData
TIME=              260000. Actual value of trans=00000001001110010100000010001101, expected is 00000001001110010100000010001101. MATCH!
Slave:           1, Task: RAddr
TIME=              480000. Actual value of trans=00000000000000000000010000000000, expected is 00000000000000000000010000000000. MATCH!
Master:           0, Task: RData
TIME=              500000. Actual value of trans=01111001011010010000100101110101, expected is 01111001011010010000100101110101. MATCH!
Slave:           1, Task: RAddr
TIME=              500000. Actual value of trans=00000000000000000000010000000000, expected is 00000000000000000000010000000000. MATCH!
Slave:           2, Task: RAddr
TIME=              720000. Actual value of trans=00000000000000000000010000001001, expected is 00000000000000000000010000001001. MATCH!
Master:           0, Task: RData
TIME=              740000. Actual value of trans=00101010001100110111001101010111, expected is 00101010001100110111001101010111. MATCH!
Slave:           2, Task: RAddr
TIME=              740000. Actual value of trans=00000000000000000000010000001001, expected is 00000000000000000000010000001001. MATCH!
Slave:           3, Task: RAddr
TIME=             1340000. Actual value of trans=00000000000000000000010000010000, expected is 00000000000000000000010000010000. MATCH!
Master:           0, Task: RData
TIME=             1360000. Actual value of trans=00101111111011110001000001111010, expected is 00101111111011110001000001111010. MATCH!
Slave:           3, Task: RAddr
TIME=             1360000. Actual value of trans=00000000000000000000010000010000, expected is 00000000000000000000010000010000. MATCH!
Slave:           4, Task: RAddr
TIME=             1580000. Actual value of trans=00000100000000000000000000000000, expected is 00000100000000000000000000000000. MATCH!
Master:           0, Task: RData
TIME=             1600000. Actual value of trans=11100100000010010011110111111000, expected is 11100100000010010011110111111000. MATCH!
Slave:           4, Task: RAddr
TIME=             1600000. Actual value of trans=00000100000000000000000000000000, expected is 00000100000000000000000000000000. MATCH!
Slave:           0, Task: RAddr
TIME=             1840000. Actual value of trans=00000000000000000000001110110010, expected is 00000000000000000000001110110010. MATCH!
Master:           1, Task: RData
TIME=             1860000. Actual value of trans=01110001110111010000100100010011, expected is 01110001110111010000100100010011. MATCH!
Slave:           0, Task: RAddr
TIME=             1860000. Actual value of trans=00000000000000000000001110110010, expected is 00000000000000000000001110110010. MATCH!
Slave:           1, Task: RAddr
TIME=             2080000. Actual value of trans=00000000000000000000010000000001, expected is 00000000000000000000010000000001. MATCH!
Master:           1, Task: RData
TIME=             2100000. Actual value of trans=11110111000010101011101100110100, expected is 11110111000010101011101100110100. MATCH!
Slave:           2, Task: RAddr
TIME=             2320000. Actual value of trans=00000000000000000000010000001001, expected is 00000000000000000000010000001001. MATCH!
Master:           1, Task: RData
TIME=             2340000. Actual value of trans=01100001101110010111101111001101, expected is 01100001101110010111101111001101. MATCH!
Slave:           2, Task: RAddr
TIME=             2340000. Actual value of trans=00000000000000000000010000001001, expected is 00000000000000000000010000001001. MATCH!
Slave:           3, Task: RAddr
TIME=             2920000. Actual value of trans=00000000000000000000010000010111, expected is 00000000000000000000010000010111. MATCH!
Master:           1, Task: RData
TIME=             2940000. Actual value of trans=11101000010001010001000001011110, expected is 11101000010001010001000001011110. MATCH!
Slave:           3, Task: RAddr
TIME=             2940000. Actual value of trans=00000000000000000000010000010111, expected is 00000000000000000000010000010111. MATCH!
Slave:           4, Task: RAddr
TIME=             3160000. Actual value of trans=00000100000000000000000000000000, expected is 00000100000000000000000000000000. MATCH!
Master:           1, Task: RData
TIME=             3180000. Actual value of trans=11100111011110110010000010101110, expected is 11100111011110110010000010101110. MATCH!
Slave:           4, Task: RAddr
TIME=             3180000. Actual value of trans=00000100000000000000000000000000, expected is 00000100000000000000000000000000. MATCH!
Slave:           0, Task: WAddr
TIME=             3420000. Actual value of trans=00000000000000000000001001110001, expected is 00000000000000000000001001110001. MATCH!
Slave:           0, Task: WData
TIME=             3460000. Actual value of trans=11001001110111011100100011110000, expected is 11001001110111011100100011110000. MATCH!
Slave:           1, Task: WAddr
TIME=             3700000. Actual value of trans=00000000000000000000010000000001, expected is 00000000000000000000010000000001. MATCH!
Slave:           1, Task: WAddr
TIME=             3720000. Actual value of trans=00000000000000000000010000000001, expected is 00000000000000000000010000000001. MATCH!
Slave:           1, Task: WAddr
TIME=             3740000. Actual value of trans=00000000000000000000010000000001, expected is 00000000000000000000010000000001. MATCH!
Slave:           1, Task: WData
TIME=             3740000. Actual value of trans=11111110010111011110111111101001, expected is 11111110010111011110111111101001. MATCH!
Slave:           1, Task: WAddr
TIME=             3760000. Actual value of trans=00000000000000000000010000000001, expected is 00000000000000000000010000000001. MATCH!
Slave:           1, Task: WData
TIME=             3760000. Actual value of trans=11111110010111011110111111101001, expected is 11111110010111011110111111101001. MATCH!
Slave:           2, Task: WAddr
TIME=             3980000. Actual value of trans=00000000000000000000010000001000, expected is 00000000000000000000010000001000. MATCH!
Slave:           2, Task: WAddr
TIME=             4000000. Actual value of trans=00000000000000000000010000001000, expected is 00000000000000000000010000001000. MATCH!
Slave:           2, Task: WAddr
TIME=             4020000. Actual value of trans=00000000000000000000010000001000, expected is 00000000000000000000010000001000. MATCH!
Slave:           2, Task: WData
TIME=             4020000. Actual value of trans=01101110111100010100100110011001, expected is 01101110111100010100100110011001. MATCH!
Slave:           2, Task: WAddr
TIME=             4040000. Actual value of trans=00000000000000000000010000001000, expected is 00000000000000000000010000001000. MATCH!
Slave:           2, Task: WData
TIME=             4040000. Actual value of trans=01101110111100010100100110011001, expected is 01101110111100010100100110011001. MATCH!
Slave:           3, Task: WAddr
TIME=             4640000. Actual value of trans=00000000000000000000010000010011, expected is 00000000000000000000010000010011. MATCH!
Slave:           3, Task: WAddr
TIME=             4660000. Actual value of trans=00000000000000000000010000010011, expected is 00000000000000000000010000010011. MATCH!
Slave:           3, Task: WAddr
TIME=             4680000. Actual value of trans=00000000000000000000010000010011, expected is 00000000000000000000010000010011. MATCH!
Slave:           3, Task: WData
TIME=             4680000. Actual value of trans=10100011101000000011111111100100, expected is 10100011101000000011111111100100. MATCH!
Slave:           3, Task: WAddr
TIME=             4700000. Actual value of trans=00000000000000000000010000010011, expected is 00000000000000000000010000010011. MATCH!
Slave:           3, Task: WData
TIME=             4700000. Actual value of trans=10100011101000000011111111100100, expected is 10100011101000000011111111100100. MATCH!
Slave:           4, Task: WAddr
TIME=             4920000. Actual value of trans=00000100000000000000000000000000, expected is 00000100000000000000000000000000. MATCH!
Slave:           4, Task: WAddr
TIME=             4940000. Actual value of trans=00000100000000000000000000000000, expected is 00000100000000000000000000000000. MATCH!
Slave:           4, Task: WAddr
TIME=             4960000. Actual value of trans=00000100000000000000000000000000, expected is 00000100000000000000000000000000. MATCH!
Slave:           4, Task: WData
TIME=             4960000. Actual value of trans=10011111110111101101001000011100, expected is 10011111110111101101001000011100. MATCH!
Slave:           4, Task: WAddr
TIME=             4980000. Actual value of trans=00000100000000000000000000000000, expected is 00000100000000000000000000000000. MATCH!
Slave:           4, Task: WData
TIME=             4980000. Actual value of trans=10011111110111101101001000011100, expected is 10011111110111101101001000011100. MATCH!
Slave:           0, Task: WAddr
TIME=             5220000. Actual value of trans=00000000000000000000000110011110, expected is 00000000000000000000000110011110. MATCH!
Slave:           0, Task: WAddr
TIME=             5240000. Actual value of trans=00000000000000000000000110011110, expected is 00000000000000000000000110011110. MATCH!
Slave:           0, Task: WAddr
TIME=             5260000. Actual value of trans=00000000000000000000000110011110, expected is 00000000000000000000000110011110. MATCH!
Slave:           0, Task: WData
TIME=             5260000. Actual value of trans=10110100100101001101011010001000, expected is 10110100100101001101011010001000. MATCH!
Slave:           0, Task: WAddr
TIME=             5280000. Actual value of trans=00000000000000000000000110011110, expected is 00000000000000000000000110011110. MATCH!
Slave:           0, Task: WData
TIME=             5280000. Actual value of trans=10110100100101001101011010001000, expected is 10110100100101001101011010001000. MATCH!
Slave:           1, Task: WAddr
TIME=             5500000. Actual value of trans=00000000000000000000010000000001, expected is 00000000000000000000010000000001. MATCH!
Slave:           1, Task: WData
TIME=             5540000. Actual value of trans=10010101010101110101001110110101, expected is 10010101010101110101001110110101. MATCH!
Slave:           2, Task: WAddr
TIME=             5780000. Actual value of trans=00000000000000000000010000001001, expected is 00000000000000000000010000001001. MATCH!
Slave:           2, Task: WAddr
TIME=             5800000. Actual value of trans=00000000000000000000010000001001, expected is 00000000000000000000010000001001. MATCH!
Slave:           2, Task: WAddr
TIME=             5820000. Actual value of trans=00000000000000000000010000001001, expected is 00000000000000000000010000001001. MATCH!
Slave:           2, Task: WData
TIME=             5820000. Actual value of trans=00000001001000111001111111110010, expected is 00000001001000111001111111110010. MATCH!
Slave:           2, Task: WAddr
TIME=             5840000. Actual value of trans=00000000000000000000010000001001, expected is 00000000000000000000010000001001. MATCH!
Slave:           2, Task: WData
TIME=             5840000. Actual value of trans=00000001001000111001111111110010, expected is 00000001001000111001111111110010. MATCH!
Slave:           3, Task: WAddr
TIME=             6420000. Actual value of trans=00000000000000000000010000010111, expected is 00000000000000000000010000010111. MATCH!
Slave:           3, Task: WAddr
TIME=             6440000. Actual value of trans=00000000000000000000010000010111, expected is 00000000000000000000010000010111. MATCH!
Slave:           3, Task: WAddr
TIME=             6460000. Actual value of trans=00000000000000000000010000010111, expected is 00000000000000000000010000010111. MATCH!
Slave:           3, Task: WData
TIME=             6460000. Actual value of trans=10001011111010000111010000010011, expected is 10001011111010000111010000010011. MATCH!
Slave:           3, Task: WAddr
TIME=             6480000. Actual value of trans=00000000000000000000010000010111, expected is 00000000000000000000010000010111. MATCH!
Slave:           3, Task: WData
TIME=             6480000. Actual value of trans=10001011111010000111010000010011, expected is 10001011111010000111010000010011. MATCH!
Slave:           4, Task: WAddr
TIME=             6700000. Actual value of trans=00000100000000000000000000000000, expected is 00000100000000000000000000000000. MATCH!
Slave:           4, Task: WAddr
TIME=             6720000. Actual value of trans=00000100000000000000000000000000, expected is 00000100000000000000000000000000. MATCH!
Slave:           4, Task: WAddr
TIME=             6740000. Actual value of trans=00000100000000000000000000000000, expected is 00000100000000000000000000000000. MATCH!
Slave:           4, Task: WData
TIME=             6740000. Actual value of trans=00101110011011110110011010110000, expected is 00101110011011110110011010110000. MATCH!
Slave:           4, Task: WAddr
TIME=             6760000. Actual value of trans=00000100000000000000000000000000, expected is 00000100000000000000000000000000. MATCH!
Slave:           4, Task: WData
TIME=             6760000. Actual value of trans=00101110011011110110011010110000, expected is 00101110011011110110011010110000. MATCH!
All match
$finish called at time : 6940 ns : File "/home/cduran/vivado/picorv32_vivado/picorv32_vivado.srcs/sim_1/imports/verilog/axi4_interconnect_tb.v" Line 303
